0 verbose cli C:\Program Files\nodejs\node.exe C:\Program Files\nodejs\node_modules\npm\bin\npm-cli.js
1 info using npm@10.9.2
2 info using node@v22.14.0
3 silly config load:file:C:\Program Files\nodejs\node_modules\npm\npmrc
4 silly config load:file:C:\Users\Dipesh Padole\OneDrive\Desktop\Unizoy_job_Board\client\.npmrc
5 silly config load:file:C:\Users\Dipesh Padole\.npmrc
6 silly config load:file:C:\Users\Dipesh Padole\AppData\Roaming\npm\etc\npmrc
7 verbose title npm run build
8 verbose argv "run" "build"
9 verbose logfile logs-max:10 dir:C:\Users\Dipesh Padole\OneDrive\Desktop\Unizoy_job_Board\client\.npm-cache\_logs\2026-04-03T17_45_13_203Z-
10 verbose logfile C:\Users\Dipesh Padole\OneDrive\Desktop\Unizoy_job_Board\client\.npm-cache\_logs\2026-04-03T17_45_13_203Z-debug-0.log
11 silly logfile done cleaning log files
12 http fetch GET https://registry.npmjs.org/npm attempt 1 failed with EACCES
13 http fetch GET https://registry.npmjs.org/npm attempt 2 failed with EACCES
14 verbose cwd C:\Users\Dipesh Padole\OneDrive\Desktop\Unizoy_job_Board\client
15 verbose os Windows_NT 10.0.26200
16 verbose node v22.14.0
17 verbose npm  v10.9.2
18 verbose exit 0
19 info ok
